This is pdfTeX, Version 3.141592653-2.6-1.40.23 (MiKTeX 21.10) (preloaded format=pdflatex 2021.10.12)  25 OCT 2021 08:09
entering extended mode
**"c:/Dev/wppt/obliczenia naukowe/lista 1/sprawozdanie/sprawozdanie.tex"
(c:/Dev/wppt/obliczenia naukowe/lista 1/sprawozdanie/sprawozdanie.tex
LaTeX2e <2021-06-01> patch level 1
L3 programming layer <2021-08-27> (C:\Programs\MikTeX\tex/latex/base\article.cls
Document Class: article 2021/02/12 v1.4n Standard LaTeX document class
(C:\Programs\MikTeX\tex/latex/base\size11.clo
File: size11.clo 2021/02/12 v1.4n Standard LaTeX file (size option)
)
\c@part=\count182
\c@section=\count183
\c@subsection=\count184
\c@subsubsection=\count185
\c@paragraph=\count186
\c@subparagraph=\count187
\c@figure=\count188
\c@table=\count189
\abovecaptionskip=\skip47
\belowcaptionskip=\skip48
\bibindent=\dimen138
) (C:\Programs\MikTeX\tex/latex/polski\polski.sty
Package: polski 2021/08/25 v1.3.6 Polish language package

   Switching to Polish text encoding and Polish maths fonts.
(C:\Programs\MikTeX\tex/latex/base\ot4enc.def
File: ot4enc.def 2021/04/29 v2.0v Standard LaTeX file
Now handling font encoding OT4 ...
... no UTF-8 mapping file for font encoding OT4
)
LaTeX Font Info:    Trying to load font information for OT4+cmr on input line 362.
 (C:\Programs\MikTeX\tex/latex/polski\ot4cmr.fd
File: ot4cmr.fd 2008/02/24 v1.2.1 Font defs for fonts PL (MW)
)
LaTeX Font Info:    Overwriting math alphabet `\mathbf' in version `normal'
(Font)                  OT1/cmr/bx/n --> OT4/cmr/bx/n on input line 362.
LaTeX Font Info:    Overwriting math alphabet `\mathsf' in version `normal'
(Font)                  OT1/cmss/m/n --> OT4/cmss/m/n on input line 362.
LaTeX Font Info:    Overwriting math alphabet `\mathit' in version `normal'
(Font)                  OT1/cmr/m/it --> OT4/cmr/m/it on input line 362.
LaTeX Font Info:    Overwriting math alphabet `\mathtt' in version `normal'
(Font)                  OT1/cmtt/m/n --> OT4/cmtt/m/n on input line 362.
LaTeX Font Info:    Overwriting math alphabet `\mathsf' in version `bold'
(Font)                  OT1/cmss/bx/n --> OT4/cmss/bx/n on input line 362.
LaTeX Font Info:    Overwriting math alphabet `\mathit' in version `bold'
(Font)                  OT1/cmr/bx/it --> OT4/cmr/bx/it on input line 362.
LaTeX Font Info:    Encoding `OT1' has changed to `OT4' for symbol font
(Font)              `operators' in the math version `normal' on input line 362.
LaTeX Font Info:    Overwriting symbol font `operators' in version `normal'
(Font)                  OT1/cmr/m/n --> OT4/cmr/m/n on input line 362.
LaTeX Font Info:    Overwriting symbol font `letters' in version `normal'
(Font)                  OML/cmm/m/it --> OML/plm/m/it on input line 362.
LaTeX Font Info:    Overwriting symbol font `symbols' in version `normal'
(Font)                  OMS/cmsy/m/n --> OMS/plsy/m/n on input line 362.
LaTeX Font Info:    Overwriting symbol font `largesymbols' in version `normal'
(Font)                  OMX/cmex/m/n --> OMX/plex/m/n on input line 362.
LaTeX Font Info:    Encoding `OT1' has changed to `OT4' for symbol font
(Font)              `operators' in the math version `bold' on input line 362.
LaTeX Font Info:    Overwriting symbol font `operators' in version `bold'
(Font)                  OT1/cmr/bx/n --> OT4/cmr/bx/n on input line 362.
LaTeX Font Info:    Overwriting symbol font `letters' in version `bold'
(Font)                  OML/cmm/b/it --> OML/plm/b/it on input line 362.
LaTeX Font Info:    Overwriting symbol font `symbols' in version `bold'
(Font)                  OMS/cmsy/b/n --> OMS/plsy/b/n on input line 362.
) (C:\Programs\MikTeX\tex/latex/base\inputenc.sty
Package: inputenc 2021/02/14 v1.3d Input encoding file
\inpenc@prehook=\toks16
\inpenc@posthook=\toks17
) (C:\Programs\MikTeX\tex/latex/xcolor\xcolor.sty
Package: xcolor 2016/05/11 v2.12 LaTeX color extensions (UK)
 (C:\Programs\MikTeX\tex/latex/graphics-cfg\color.cfg
File: color.cfg 2016/01/02 v1.6 sample color configuration
)
Package xcolor Info: Driver file: pdftex.def on input line 225.
 (C:\Programs\MikTeX\tex/latex/graphics-def\pdftex.def
File: pdftex.def 2020/10/05 v1.2a Graphics/color driver for pdftex
)
Package xcolor Info: Model `cmy' substituted by `cmy0' on input line 1348.
Package xcolor Info: Model `hsb' substituted by `rgb' on input line 1352.
Package xcolor Info: Model `RGB' extended on input line 1364.
Package xcolor Info: Model `HTML' substituted by `rgb' on input line 1366.
Package xcolor Info: Model `Hsb' substituted by `hsb' on input line 1367.
Package xcolor Info: Model `tHsb' substituted by `hsb' on input line 1368.
Package xcolor Info: Model `HSB' substituted by `hsb' on input line 1369.
Package xcolor Info: Model `Gray' substituted by `gray' on input line 1370.
Package xcolor Info: Model `wave' substituted by `hsb' on input line 1371.
) (C:\Programs\MikTeX\tex/latex/listings\listings.sty (C:\Programs\MikTeX\tex/latex/graphics\keyval.sty
Package: keyval 2014/10/28 v1.15 key=value parser (DPC)
\KV@toks@=\toks18
)
\lst@mode=\count190
\lst@gtempboxa=\box50
\lst@token=\toks19
\lst@length=\count191
\lst@currlwidth=\dimen139
\lst@column=\count192
\lst@pos=\count193
\lst@lostspace=\dimen140
\lst@width=\dimen141
\lst@newlines=\count194
\lst@lineno=\count195
\lst@maxwidth=\dimen142
 (C:\Programs\MikTeX\tex/latex/listings\lstmisc.sty
File: lstmisc.sty 2020/03/24 1.8d (Carsten Heinz)
\c@lstnumber=\count196
\lst@skipnumbers=\count197
\lst@framebox=\box51
) (C:\Programs\MikTeX\tex/latex/listings\listings.cfg
File: listings.cfg 2020/03/24 1.8d listings configuration
))
Package: listings 2020/03/24 1.8d (Carsten Heinz)
 (C:\Programs\MikTeX\tex/latex/l3backend\l3backend-pdftex.def
File: l3backend-pdftex.def 2021-08-04 L3 backend support: PDF output (pdfTeX)
\l__color_backend_stack_int=\count198
\l__pdf_internal_box=\box52
) (sprawozdanie.aux)
\openout1 = `sprawozdanie.aux'.

LaTeX Font Info:    Checking defaults for OML/cmm/m/it on input line 36.
LaTeX Font Info:    ... okay on input line 36.
LaTeX Font Info:    Checking defaults for OMS/cmsy/m/n on input line 36.
LaTeX Font Info:    ... okay on input line 36.
LaTeX Font Info:    Checking defaults for OT1/cmr/m/n on input line 36.
LaTeX Font Info:    ... okay on input line 36.
LaTeX Font Info:    Checking defaults for T1/cmr/m/n on input line 36.
LaTeX Font Info:    ... okay on input line 36.
LaTeX Font Info:    Checking defaults for TS1/cmr/m/n on input line 36.
LaTeX Font Info:    ... okay on input line 36.
LaTeX Font Info:    Checking defaults for OMX/cmex/m/n on input line 36.
LaTeX Font Info:    ... okay on input line 36.
LaTeX Font Info:    Checking defaults for U/cmr/m/n on input line 36.
LaTeX Font Info:    ... okay on input line 36.
LaTeX Font Info:    Checking defaults for OT4/cmr/m/n on input line 36.
LaTeX Font Info:    ... okay on input line 36.
 (C:\Programs\MikTeX\tex/context/base/mkii\supp-pdf.mkii
[Loading MPS to PDF converter (version 2006.09.02).]
\scratchcounter=\count199
\scratchdimen=\dimen143
\scratchbox=\box53
\nofMPsegments=\count266
\nofMParguments=\count267
\everyMPshowfont=\toks20
\MPscratchCnt=\count268
\MPscratchDim=\dimen144
\MPnumerator=\count269
\makeMPintoPDFobject=\count270
\everyMPtoPDFconversion=\toks21
)
\c@lstlisting=\count271
LaTeX Font Info:    Trying to load font information for OML+plm on input line 37.
 (C:\Programs\MikTeX\tex/latex/polski\omlplm.fd
File: omlplm.fd 2008/02/24 v1.2.1 Font defs for fonts PL (MW)
)
LaTeX Font Info:    Trying to load font information for OMS+plsy on input line 37.
 (C:\Programs\MikTeX\tex/latex/polski\omsplsy.fd
File: omsplsy.fd 2008/02/24 v1.2.1 Font defs for fonts PL (MW)
)
LaTeX Font Info:    Trying to load font information for OMX+plex on input line 37.
 (C:\Programs\MikTeX\tex/latex/polski\omxplex.fd
File: omxplex.fd 2008/02/24 v1.2.1 Font defs for fonts PL (MW)
)
LaTeX Font Info:    External font `plex10' loaded for size
(Font)              <12> on input line 37.
LaTeX Font Info:    External font `plex10' loaded for size
(Font)              <8> on input line 37.
LaTeX Font Info:    External font `plex10' loaded for size
(Font)              <6> on input line 37.
LaTeX Font Info:    External font `plex10' loaded for size
(Font)              <10.95> on input line 41.
LaTeX Font Info:    Trying to load font information for OT4+cmtt on input line 47.
 (C:\Programs\MikTeX\tex/latex/polski\ot4cmtt.fd
File: ot4cmtt.fd 2008/02/24 v1.2.1 Font defs for fonts PL (MW)
)
Overfull \hbox (91.86281pt too wide) in paragraph at lines 45--55
 [][] 
 []


Underfull \hbox (badness 10000) in paragraph at lines 39--57

 []


Overfull \hbox (72.16057pt too wide) in paragraph at lines 75--76
\OT4/cmr/m/n/10.95 ra-cyj-nie po-przez mno-»e-nie przez 2. roz-po-czy-na-my od war-to-±ci pre-vflo-at(one(type))poniewa»
 []


Underfull \hbox (badness 10000) in paragraph at lines 75--76

 []


Underfull \hbox (badness 10000) in paragraph at lines 75--76

 []


Underfull \hbox (badness 10000) in paragraph at lines 75--76

 []

[1

{C:/Users/JaWitold/AppData/Local/MiKTeX/pdftex/config/pdftex.map}]
Overfull \hbox (111.32954pt too wide) in paragraph at lines 79--89
 [][] 
 []

(C:\Programs\MikTeX\tex/latex/listings\lstlang1.sty
File: lstlang1.sty 2020/03/24 1.8d listings language file
) (C:\Programs\MikTeX\tex/latex/listings\lstmisc.sty
File: lstmisc.sty 2020/03/24 1.8d (Carsten Heinz)
) [2]
Overfull \hbox (5.94336pt too wide) in paragraph at lines 150--151
\OT4/cmr/m/n/10.95 Przetestowaªem ob-li-cza-nie wek-to-ra ska-lar-ne-go 4 wska-za-ny-mi me-to-da-mi. Przez
 []


Overfull \hbox (50.56712pt too wide) in paragraph at lines 177--205
 [][] 
 []

[3] [4] [5] [6] [7] (sprawozdanie.aux) ) 
Here is how much of TeX's memory you used:
 3378 strings out of 479136
 46201 string characters out of 2868008
 621103 words of memory out of 3000000
 21230 multiletter control sequences out of 15000+600000
 412243 words of font info for 49 fonts, out of 8000000 for 9000
 956 hyphenation exceptions out of 8191
 41i,11n,64p,612b,1225s stack positions out of 5000i,500n,10000p,200000b,80000s
{C:/Programs/MikTeX/fonts/enc/dvips/pl/plme.enc}{C:/Programs/MikTeX/fonts/enc/dvips/pl/plms.enc}{C:/Programs/MikTeX/fonts/enc/dvips/pl/plmi.enc} <C:\Users\JaWitold\AppData\Local\MiKTeX\fonts/pk/ljfour/jknappen/ec/dpi600\tcrm0900.pk>{C:/Programs/MikTeX/fonts/enc/dvips/pl/plrm.enc}{C:/Programs/MikTeX/fonts/enc/dvips/pl/pltt.enc}{C:/Programs/MikTeX/fonts/enc/dvips/pl/plit.enc}<C:/Programs/MikTeX/fonts/type1/public/pl/plbx10.pfb><C:/Programs/MikTeX/fonts/type1/public/pl/plbx12.pfb><C:/Programs/MikTeX/fonts/type1/public/pl/plex10.pfb><C:/Programs/MikTeX/fonts/type1/public/pl/plmi10.pfb><C:/Programs/MikTeX/fonts/type1/public/pl/plmi8.pfb><C:/Programs/MikTeX/fonts/type1/public/pl/plr10.pfb><C:/Programs/MikTeX/fonts/type1/public/pl/plr12.pfb><C:/Programs/MikTeX/fonts/type1/public/pl/plr17.pfb><C:/Programs/MikTeX/fonts/type1/public/pl/plr8.pfb><C:/Programs/MikTeX/fonts/type1/public/pl/plr9.pfb><C:/Programs/MikTeX/fonts/type1/public/pl/plsy10.pfb><C:/Programs/MikTeX/fonts/type1/public/pl/plsy8.pfb><C:/Programs/MikTeX/fonts/type1/public/pl/plti10.pfb><C:/Programs/MikTeX/fonts/type1/public/pl/pltt10.pfb>
Output written on sprawozdanie.pdf (7 pages, 130238 bytes).
PDF statistics:
 107 PDF objects out of 1000 (max. 8388607)
 0 named destinations out of 1000 (max. 500000)
 1 words of extra memory for PDF output out of 10000 (max. 10000000)

